# JRE version: Java(TM) SE Runtime Environment (8.0_74-b02) (build 1.8.0_74-b02)
# Java VM: Java HotSpot(TM) 64-Bit Server VM (25.74-b02 mixed mode linux-amd64 compressed oops)
Heap:
 PSYoungGen      total 203264K, used 56873K [0x00000000d6d80000, 0x00000000e9580000, 0x0000000100000000)
  eden space 192000K, 29% used [0x00000000d6d80000,0x00000000da50a4e8,0x00000000e2900000)
  from space 11264K, 0% used [0x00000000e2900000,0x00000000e2900000,0x00000000e3400000)
  to   space 13824K, 0% used [0x00000000e8800000,0x00000000e8800000,0x00000000e9580000)
 ParOldGen       total 87552K, used 17928K [0x0000000084800000, 0x0000000089d80000, 0x00000000d6d80000)
  object space 87552K, 20% used [0x0000000084800000,0x00000000859823b0,0x0000000089d80000)
 Metaspace       used 36911K, capacity 37370K, committed 37552K, reserved 1083392K
  class space    used 4387K, capacity 4499K, committed 4528K, reserved 1048576K
GC Heap History (10 events):
Event: 2.473 GC heap before
{Heap before GC invocations=5 (full 1):
 PSYoungGen      total 132096K, used 5088K [0x00000000d6d80000, 0x00000000df380000, 0x0000000100000000)
  eden space 126976K, 0% used [0x00000000d6d80000,0x00000000d6d80000,0x00000000de980000)
  from space 5120K, 99% used [0x00000000dee80000,0x00000000df378360,0x00000000df380000)
  to   space 5120K, 0% used [0x00000000de980000,0x00000000de980000,0x00000000dee80000)
 ParOldGen       total 84992K, used 5450K [0x0000000084800000, 0x0000000089b00000, 0x00000000d6d80000)
  object space 84992K, 6% used [0x0000000084800000,0x0000000084d52908,0x0000000089b00000)
 Metaspace       used 20938K, capacity 21158K, committed 21296K, reserved 1069056K
  class space    used 2492K, capacity 2565K, committed 2608K, reserved 1048576K
Event: 2.510 GC heap after
Heap after GC invocations=5 (full 1):
 PSYoungGen      total 132096K, used 0K [0x00000000d6d80000, 0x00000000df380000, 0x0000000100000000)
  eden space 126976K, 0% used [0x00000000d6d80000,0x00000000d6d80000,0x00000000de980000)
  from space 5120K, 0% used [0x00000000dee80000,0x00000000dee80000,0x00000000df380000)
  to   space 5120K, 0% used [0x00000000de980000,0x00000000de980000,0x00000000dee80000)
 ParOldGen       total 57856K, used 8031K [0x0000000084800000, 0x0000000088080000, 0x00000000d6d80000)
  object space 57856K, 13% used [0x0000000084800000,0x0000000084fd7c88,0x0000000088080000)
 Metaspace       used 20938K, capacity 21158K, committed 21296K, reserved 1069056K
  class space    used 2492K, capacity 2565K, committed 2608K, reserved 1048576K
}
Event: 3.515 GC heap before
{Heap before GC invocations=6 (full 1):
 PSYoungGen      total 132096K, used 126976K [0x00000000d6d80000, 0x00000000df380000, 0x0000000100000000)
  eden space 126976K, 100% used [0x00000000d6d80000,0x00000000de980000,0x00000000de980000)
  from space 5120K, 0% used [0x00000000dee80000,0x00000000dee80000,0x00000000df380000)
  to   space 5120K, 0% used [0x00000000de980000,0x00000000de980000,0x00000000dee80000)
 ParOldGen       total 57856K, used 8031K [0x0000000084800000, 0x0000000088080000, 0x00000000d6d80000)
  object space 57856K, 13% used [0x0000000084800000,0x0000000084fd7c88,0x0000000088080000)
 Metaspace       used 25406K, capacity 25650K, committed 25904K, reserved 1073152K
  class space    used 3026K, capacity 3079K, committed 3120K, reserved 1048576K
Event: 3.525 GC heap after
Heap after GC invocations=6 (full 1):
 PSYoungGen      total 132096K, used 4641K [0x00000000d6d80000, 0x00000000e3f00000, 0x0000000100000000)
  eden space 126976K, 0% used [0x00000000d6d80000,0x00000000d6d80000,0x00000000de980000)
  from space 5120K, 90% used [0x00000000de980000,0x00000000dee08430,0x00000000dee80000)
  to   space 9728K, 0% used [0x00000000e3580000,0x00000000e3580000,0x00000000e3f00000)
 ParOldGen       total 57856K, used 8039K [0x0000000084800000, 0x0000000088080000, 0x00000000d6d80000)
  object space 57856K, 13% used [0x0000000084800000,0x0000000084fd9c88,0x0000000088080000)
 Metaspace       used 25406K, capacity 25650K, committed 25904K, reserved 1073152K
  class space    used 3026K, capacity 3079K, committed 3120K, reserved 1048576K
}
Event: 4.508 GC heap before
{Heap before GC invocations=7 (full 1):
 PSYoungGen      total 132096K, used 131617K [0x00000000d6d80000, 0x00000000e3f00000, 0x0000000100000000)
  eden space 126976K, 100% used [0x00000000d6d80000,0x00000000de980000,0x00000000de980000)
  from space 5120K, 90% used [0x00000000de980000,0x00000000dee08430,0x00000000dee80000)
  to   space 9728K, 0% used [0x00000000e3580000,0x00000000e3580000,0x00000000e3f00000)
 ParOldGen       total 57856K, used 8039K [0x0000000084800000, 0x0000000088080000, 0x00000000d6d80000)
  object space 57856K, 13% used [0x0000000084800000,0x0000000084fd9c88,0x0000000088080000)
 Metaspace       used 28918K, capacity 29148K, committed 29488K, reserved 1075200K
  class space    used 3518K, capacity 3598K, committed 3632K, reserved 1048576K
Event: 4.518 GC heap after
Heap after GC invocations=7 (full 1):
 PSYoungGen      total 201216K, used 9471K [0x00000000d6d80000, 0x00000000e3f00000, 0x0000000100000000)
  eden space 191488K, 0% used [0x00000000d6d80000,0x00000000d6d80000,0x00000000e2880000)
  from space 9728K, 97% used [0x00000000e3580000,0x00000000e3ebfe98,0x00000000e3f00000)
  to   space 11264K, 0% used [0x00000000e2900000,0x00000000e2900000,0x00000000e3400000)
 ParOldGen       total 57856K, used 8047K [0x0000000084800000, 0x0000000088080000, 0x00000000d6d80000)
  object space 57856K, 13% used [0x0000000084800000,0x0000000084fdbc88,0x0000000088080000)
 Metaspace       used 28918K, capacity 29148K, committed 29488K, reserved 1075200K
  class space    used 3518K, capacity 3598K, committed 3632K, reserved 1048576K
}
Event: 31.854 GC heap before
{Heap before GC invocations=8 (full 1):
 PSYoungGen      total 201216K, used 97735K [0x00000000d6d80000, 0x00000000e3f00000, 0x0000000100000000)
  eden space 191488K, 46% used [0x00000000d6d80000,0x00000000dc3b20e0,0x00000000e2880000)
  from space 9728K, 97% used [0x00000000e3580000,0x00000000e3ebfe98,0x00000000e3f00000)
  to   space 11264K, 0% used [0x00000000e2900000,0x00000000e2900000,0x00000000e3400000)
 ParOldGen       total 57856K, used 8047K [0x0000000084800000, 0x0000000088080000, 0x00000000d6d80000)
  object space 57856K, 13% used [0x0000000084800000,0x0000000084fdbc88,0x0000000088080000)
 Metaspace       used 35010K, capacity 35306K, committed 35496K, reserved 1081344K
  class space    used 4240K, capacity 4315K, committed 4400K, reserved 1048576K
Event: 31.868 GC heap after
Heap after GC invocations=8 (full 1):
 PSYoungGen      total 203264K, used 11262K [0x00000000d6d80000, 0x00000000e9580000, 0x0000000100000000)
  eden space 192000K, 0% used [0x00000000d6d80000,0x00000000d6d80000,0x00000000e2900000)
  from space 11264K, 99% used [0x00000000e2900000,0x00000000e33ffac0,0x00000000e3400000)
  to   space 13824K, 0% used [0x00000000e8800000,0x00000000e8800000,0x00000000e9580000)
 ParOldGen       total 57856K, used 9835K [0x0000000084800000, 0x0000000088080000, 0x00000000d6d80000)
  object space 57856K, 16% used [0x0000000084800000,0x000000008519acd8,0x0000000088080000)
 Metaspace       used 35010K, capacity 35306K, committed 35496K, reserved 1081344K
  class space    used 4240K, capacity 4315K, committed 4400K, reserved 1048576K
}
Event: 31.868 GC heap before
{Heap before GC invocations=9 (full 2):
 PSYoungGen      total 203264K, used 11262K [0x00000000d6d80000, 0x00000000e9580000, 0x0000000100000000)
  eden space 192000K, 0% used [0x00000000d6d80000,0x00000000d6d80000,0x00000000e2900000)
  from space 11264K, 99% used [0x00000000e2900000,0x00000000e33ffac0,0x00000000e3400000)
  to   space 13824K, 0% used [0x00000000e8800000,0x00000000e8800000,0x00000000e9580000)
 ParOldGen       total 57856K, used 9835K [0x0000000084800000, 0x0000000088080000, 0x00000000d6d80000)
  object space 57856K, 16% used [0x0000000084800000,0x000000008519acd8,0x0000000088080000)
 Metaspace       used 35010K, capacity 35306K, committed 35496K, reserved 1081344K
  class space    used 4240K, capacity 4315K, committed 4400K, reserved 1048576K
Event: 31.934 GC heap after
Heap after GC invocations=9 (full 2):
 PSYoungGen      total 203264K, used 0K [0x00000000d6d80000, 0x00000000e9580000, 0x0000000100000000)
  eden space 192000K, 0% used [0x00000000d6d80000,0x00000000d6d80000,0x00000000e2900000)
  from space 11264K, 0% used [0x00000000e2900000,0x00000000e2900000,0x00000000e3400000)
  to   space 13824K, 0% used [0x00000000e8800000,0x00000000e8800000,0x00000000e9580000)
 ParOldGen       total 87552K, used 17928K [0x0000000084800000, 0x0000000089d80000, 0x00000000d6d80000)
  object space 87552K, 20% used [0x0000000084800000,0x00000000859823b0,0x0000000089d80000)
 Metaspace       used 35010K, capacity 35306K, committed 35496K, reserved 1081344K
  class space    used 4240K, capacity 4315K, committed 4400K, reserved 1048576K
}

